  [1m[35mSQL (0.2ms)[0m  [1m[35mSET search_path TO public /*application='IntroQuiz'*/[0m
  [1m[35m (411.1ms)[0m  [1m[35mCREATE DATABASE "intro_quiz_development" ENCODING = 'unicode' /*application='IntroQuiz'*/[0m
  [1m[35mSQL (0.1ms)[0m  [1m[35mSET search_path TO public /*application='IntroQuiz'*/[0m
  [1m[35m (133.1ms)[0m  [1m[35mCREATE DATABASE "intro_quiz_test" ENCODING = 'unicode' /*application='IntroQuiz'*/[0m
  [1m[35m (7.4ms)[0m  [1m[35mCREATE TABLE "schema_migrations" ("version" character varying NOT NULL PRIMARY KEY) /*application='IntroQuiz'*/[0m
  [1m[35m (3.2ms)[0m  [1m[35mCREATE TABLE "ar_internal_metadata" ("key" character varying NOT NULL PRIMARY KEY, "value" character varying, "created_at" timestamp(6) NOT NULL, "updated_at" timestamp(6) NOT NULL) /*application='IntroQuiz'*/[0m
  [1m[35m (0.3ms)[0m  [1m[34mSELECT pg_try_advisory_lock(7968353490076173600) /*application='IntroQuiz'*/[0m
  [1m[36mActiveRecord::SchemaMigration Load (1.3ms)[0m  [1m[34mSELECT "schema_migrations"."version" FROM "schema_migrations" ORDER BY "schema_migrations"."version" ASC /*application='IntroQuiz'*/[0m
  [1m[36mActiveRecord::InternalMetadata Load (0.9ms)[0m  [1m[34mSELECT * FROM "ar_internal_metadata" WHERE "ar_internal_metadata"."key" = 'environment' ORDER BY "ar_internal_metadata"."key" ASC LIMIT 1 /*application='IntroQuiz'*/[0m
  [1m[36mActiveRecord::InternalMetadata Create (0.8ms)[0m  [1m[32mINSERT INTO "ar_internal_metadata" ("key", "value", "created_at", "updated_at") VALUES ('environment', 'development', '2025-12-28 13:17:34.228883', '2025-12-28 13:17:34.228887') RETURNING "key" /*application='IntroQuiz'*/[0m
Migrating to CreateSongs (20251228131653)
  [1m[36mTRANSACTION (0.2ms)[0m  [1m[35mBEGIN /*application='IntroQuiz'*/[0m
  [1m[35m (6.7ms)[0m  [1m[35mCREATE TABLE "songs" ("id" bigserial primary key, "title" character varying, "lyrics" text, "artist" character varying, "created_at" timestamp(6) NOT NULL, "updated_at" timestamp(6) NOT NULL) /*application='IntroQuiz'*/[0m
  [1m[36mActiveRecord::SchemaMigration Create (0.5ms)[0m  [1m[32mINSERT INTO "schema_migrations" ("version") VALUES ('20251228131653') RETURNING "version" /*application='IntroQuiz'*/[0m
  [1m[36mTRANSACTION (0.5ms)[0m  [1m[35mCOMMIT /*application='IntroQuiz'*/[0m
Migrating to CreateGameRecords (20251228131714)
  [1m[36mTRANSACTION (0.5ms)[0m  [1m[35mBEGIN /*application='IntroQuiz'*/[0m
  [1m[35m (6.2ms)[0m  [1m[35mCREATE TABLE "game_records" ("id" bigserial primary key, "player_name" character varying, "score" integer, "played_at" timestamp(6), "created_at" timestamp(6) NOT NULL, "updated_at" timestamp(6) NOT NULL) /*application='IntroQuiz'*/[0m
  [1m[36mActiveRecord::SchemaMigration Create (0.2ms)[0m  [1m[32mINSERT INTO "schema_migrations" ("version") VALUES ('20251228131714') RETURNING "version" /*application='IntroQuiz'*/[0m
  [1m[36mTRANSACTION (0.5ms)[0m  [1m[35mCOMMIT /*application='IntroQuiz'*/[0m
  [1m[35m (0.6ms)[0m  [1m[34mSELECT pg_advisory_unlock(7968353490076173600) /*application='IntroQuiz'*/[0m
  [1m[36mActiveRecord::SchemaMigration Load (0.2ms)[0m  [1m[34mSELECT "schema_migrations"."version" FROM "schema_migrations" ORDER BY "schema_migrations"."version" ASC /*application='IntroQuiz'*/[0m
  [1m[36mActiveRecord::SchemaMigration Load (0.8ms)[0m  [1m[34mSELECT "schema_migrations"."version" FROM "schema_migrations" ORDER BY "schema_migrations"."version" ASC /*application='IntroQuiz'*/[0m
  [1m[36mTRANSACTION (0.2ms)[0m  [1m[35mBEGIN /*application='IntroQuiz'*/[0m
  [1m[36mSong Create (3.0ms)[0m  [1m[32mINSERT INTO "songs" ("title", "lyrics", "artist", "created_at", "updated_at") VALUES ('千本桜', 'だいたんふてきにはいからかくめいれいせんじだいにぎゃくもどりいちにさんしでれっつごー', '黒うさP feat. 初音ミク', '2025-12-28 13:26:15.769951', '2025-12-28 13:26:15.769951') RETURNING "id" /*application='IntroQuiz'*/[0m
  [1m[36mTRANSACTION (0.5ms)[0m  [1m[35mCOMMIT /*application='IntroQuiz'*/[0m
  [1m[36mTRANSACTION (0.2ms)[0m  [1m[35mBEGIN /*application='IntroQuiz'*/[0m
  [1m[36mSong Create (2.0ms)[0m  [1m[32mINSERT INTO "songs" ("title", "lyrics", "artist", "created_at", "updated_at") VALUES ('ロストワンの号哭', 'まにあわせのきみだったひとりよがりのこえだった', 'Neru feat. 鏡音リン', '2025-12-28 13:26:15.777539', '2025-12-28 13:26:15.777539') RETURNING "id" /*application='IntroQuiz'*/[0m
  [1m[36mTRANSACTION (0.4ms)[0m  [1m[35mCOMMIT /*application='IntroQuiz'*/[0m
  [1m[36mTRANSACTION (0.2ms)[0m  [1m[35mBEGIN /*application='IntroQuiz'*/[0m
  [1m[36mSong Create (2.7ms)[0m  [1m[32mINSERT INTO "songs" ("title", "lyrics", "artist", "created_at", "updated_at") VALUES ('砂の惑星', 'さようならあんちよりもっとうたってほしいんだろう', 'ハチ feat. 初音ミク', '2025-12-28 13:26:15.784829', '2025-12-28 13:26:15.784829') RETURNING "id" /*application='IntroQuiz'*/[0m
  [1m[36mTRANSACTION (0.4ms)[0m  [1m[35mCOMMIT /*application='IntroQuiz'*/[0m
  [1m[36mTRANSACTION (0.1ms)[0m  [1m[35mBEGIN /*application='IntroQuiz'*/[0m
  [1m[36mSong Create (2.1ms)[0m  [1m[32mINSERT INTO "songs" ("title", "lyrics", "artist", "created_at", "updated_at") VALUES ('メルト', 'こんなきもちめると', 'ryo feat. 初音ミク', '2025-12-28 13:26:15.791434', '2025-12-28 13:26:15.791434') RETURNING "id" /*application='IntroQuiz'*/[0m
  [1m[36mTRANSACTION (0.4ms)[0m  [1m[35mCOMMIT /*application='IntroQuiz'*/[0m
  [1m[36mTRANSACTION (0.1ms)[0m  [1m[35mBEGIN /*application='IntroQuiz'*/[0m
  [1m[36mSong Create (2.2ms)[0m  [1m[32mINSERT INTO "songs" ("title", "lyrics", "artist", "created_at", "updated_at") VALUES ('恋愛裁判', 'こいするきもちわかりますかおこたえください', '40mP feat. 初音ミク', '2025-12-28 13:26:15.797152', '2025-12-28 13:26:15.797152') RETURNING "id" /*application='IntroQuiz'*/[0m
  [1m[36mTRANSACTION (0.5ms)[0m  [1m[35mCOMMIT /*application='IntroQuiz'*/[0m
  [1m[36mTRANSACTION (0.2ms)[0m  [1m[35mBEGIN /*application='IntroQuiz'*/[0m
  [1m[36mSong Create (2.6ms)[0m  [1m[32mINSERT INTO "songs" ("title", "lyrics", "artist", "created_at", "updated_at") VALUES ('ワールドイズマイン', 'せかいでいちばんおひめさまそういうあつかいこころえてよね', 'ryo feat. 初音ミク', '2025-12-28 13:26:15.803867', '2025-12-28 13:26:15.803867') RETURNING "id" /*application='IntroQuiz'*/[0m
  [1m[36mTRANSACTION (0.4ms)[0m  [1m[35mCOMMIT /*application='IntroQuiz'*/[0m
  [1m[36mTRANSACTION (0.1ms)[0m  [1m[35mBEGIN /*application='IntroQuiz'*/[0m
  [1m[36mSong Create (1.9ms)[0m  [1m[32mINSERT INTO "songs" ("title", "lyrics", "artist", "created_at", "updated_at") VALUES ('Tell Your World', 'ひとりきりでみあげたあのそらをきみもみているよ', 'kz feat. 初音ミク', '2025-12-28 13:26:15.810017', '2025-12-28 13:26:15.810017') RETURNING "id" /*application='IntroQuiz'*/[0m
  [1m[36mTRANSACTION (0.4ms)[0m  [1m[35mCOMMIT /*application='IntroQuiz'*/[0m
  [1m[36mTRANSACTION (0.2ms)[0m  [1m[35mBEGIN /*application='IntroQuiz'*/[0m
  [1m[36mSong Create (2.1ms)[0m  [1m[32mINSERT INTO "songs" ("title", "lyrics", "artist", "created_at", "updated_at") VALUES ('マトリョシカ', 'きょうもはれてるかななみだめをこすった', 'ハチ feat. 初音ミク', '2025-12-28 13:26:15.815947', '2025-12-28 13:26:15.815947') RETURNING "id" /*application='IntroQuiz'*/[0m
  [1m[36mTRANSACTION (0.6ms)[0m  [1m[35mCOMMIT /*application='IntroQuiz'*/[0m
  [1m[36mSong Count (0.5ms)[0m  [1m[34mSELECT COUNT(*) FROM "songs" /*application='IntroQuiz'*/[0m
Started GET "/" for ::1 at 2025-12-28 22:41:47 +0900
  [1m[36mActiveRecord::SchemaMigration Load (1.0ms)[0m  [1m[34mSELECT "schema_migrations"."version" FROM "schema_migrations" ORDER BY "schema_migrations"."version" ASC /*application='IntroQuiz'*/[0m
Processing by HomeController#index as HTML
  Rendering layout layouts/application.html.erb
  Rendering home/index.html.erb within layouts/application
  Rendered home/index.html.erb within layouts/application (Duration: 10.3ms | GC: 0.0ms)
  Rendered layout layouts/application.html.erb (Duration: 30.8ms | GC: 0.0ms)
Completed 200 OK in 351ms (Views: 49.9ms | ActiveRecord: 0.0ms (0 queries, 0 cached) | GC: 0.0ms)


Started POST "/start" for ::1 at 2025-12-28 22:41:54 +0900
Processing by HomeController#start as TURBO_STREAM
  Parameters: {"authenticity_token" => "[FILTERED]", "player_name" => "テスト", "commit" => "スタート"}
Redirected to http://localhost:3000/quiz
Completed 302 Found in 227ms (ActiveRecord: 0.0ms (0 queries, 0 cached) | GC: 0.0ms)


Started GET "/quiz" for ::1 at 2025-12-28 22:41:54 +0900
Processing by QuizzesController#index as TURBO_STREAM
  Rendering layout layouts/application.html.erb
  Rendering quizzes/index.html.erb within layouts/application
  Rendered quizzes/index.html.erb within layouts/application (Duration: 0.5ms | GC: 0.0ms)
  Rendered layout layouts/application.html.erb (Duration: 3.7ms | GC: 2.0ms)
Completed 200 OK in 180ms (Views: 5.8ms | ActiveRecord: 0.0ms (0 queries, 0 cached) | GC: 4.8ms)


Started POST "/quiz/start" for ::1 at 2025-12-28 22:41:55 +0900
Processing by QuizzesController#start as */*
  Parameters: {"quiz" => {}}
  [1m[36mSong Load (25.1ms)[0m  [1m[34mSELECT "songs".* FROM "songs" ORDER BY RANDOM() LIMIT 1 /*action='start',application='IntroQuiz',controller='quizzes'*/[0m
  ↳ app/controllers/quizzes_controller.rb:10:in 'QuizzesController#start'
Completed 200 OK in 277ms (Views: 0.2ms | ActiveRecord: 41.5ms (1 query, 0 cached) | GC: 31.5ms)


Started GET "/quiz/search?q=%E3%82%8F" for ::1 at 2025-12-28 22:42:05 +0900
Processing by QuizzesController#search as */*
  Parameters: {"q" => "わ"}
  [1m[36mSong Load (0.9ms)[0m  [1m[34mSELECT "songs".* FROM "songs" WHERE (title LIKE '%わ%') LIMIT 10 /*action='search',application='IntroQuiz',controller='quizzes'*/[0m
  ↳ app/controllers/quizzes_controller.rb:43:in 'Enumerable#map'
Completed 200 OK in 160ms (Views: 0.1ms | ActiveRecord: 0.9ms (1 query, 0 cached) | GC: 0.0ms)


Started GET "/quiz/search?q=%E3%82%8F%E3%81%8B%E3%82%89%E3%82%93" for ::1 at 2025-12-28 22:42:07 +0900
Processing by QuizzesController#search as */*
  Parameters: {"q" => "わからん"}
  [1m[36mSong Load (0.5ms)[0m  [1m[34mSELECT "songs".* FROM "songs" WHERE (title LIKE '%わからん%') LIMIT 10 /*action='search',application='IntroQuiz',controller='quizzes'*/[0m
  ↳ app/controllers/quizzes_controller.rb:43:in 'Enumerable#map'
Completed 200 OK in 174ms (Views: 0.1ms | ActiveRecord: 0.5ms (1 query, 0 cached) | GC: 0.0ms)


Started GET "/quiz/search?q=%E3%82%8F%E3%81%8B%E3%82%89%E3%82%93" for ::1 at 2025-12-28 22:42:07 +0900
Processing by QuizzesController#search as */*
  Parameters: {"q" => "わからん"}
  [1m[36mSong Load (0.5ms)[0m  [1m[34mSELECT "songs".* FROM "songs" WHERE (title LIKE '%わからん%') LIMIT 10 /*action='search',application='IntroQuiz',controller='quizzes'*/[0m
  ↳ app/controllers/quizzes_controller.rb:43:in 'Enumerable#map'
Completed 200 OK in 164ms (Views: 0.1ms | ActiveRecord: 0.5ms (1 query, 0 cached) | GC: 0.0ms)


Started GET "/quiz/search?q=w" for ::1 at 2025-12-28 22:42:10 +0900
Processing by QuizzesController#search as */*
  Parameters: {"q" => "w"}
  [1m[36mSong Load (0.5ms)[0m  [1m[34mSELECT "songs".* FROM "songs" WHERE (title LIKE '%w%') LIMIT 10 /*action='search',application='IntroQuiz',controller='quizzes'*/[0m
  ↳ app/controllers/quizzes_controller.rb:43:in 'Enumerable#map'
Completed 200 OK in 166ms (Views: 0.2ms | ActiveRecord: 0.5ms (1 query, 0 cached) | GC: 0.0ms)


Started GET "/quiz/search?q=%E3%81%82" for ::1 at 2025-12-28 22:42:12 +0900
Processing by QuizzesController#search as */*
  Parameters: {"q" => "あ"}
  [1m[36mSong Load (0.4ms)[0m  [1m[34mSELECT "songs".* FROM "songs" WHERE (title LIKE '%あ%') LIMIT 10 /*action='search',application='IntroQuiz',controller='quizzes'*/[0m
  ↳ app/controllers/quizzes_controller.rb:43:in 'Enumerable#map'
Completed 200 OK in 181ms (Views: 0.1ms | ActiveRecord: 0.4ms (1 query, 0 cached) | GC: 0.0ms)


Started GET "/quiz/search?q=%E3%81%82" for ::1 at 2025-12-28 22:42:12 +0900
Processing by QuizzesController#search as */*
  Parameters: {"q" => "あ"}
  [1m[36mSong Load (0.4ms)[0m  [1m[34mSELECT "songs".* FROM "songs" WHERE (title LIKE '%あ%') LIMIT 10 /*action='search',application='IntroQuiz',controller='quizzes'*/[0m
  ↳ app/controllers/quizzes_controller.rb:43:in 'Enumerable#map'
Completed 200 OK in 170ms (Views: 0.1ms | ActiveRecord: 0.4ms (1 query, 0 cached) | GC: 0.0ms)


Started GET "/results" for ::1 at 2025-12-28 22:42:55 +0900
Processing by GameRecordsController#show as HTML
  [1m[36mTRANSACTION (0.3ms)[0m  [1m[35mBEGIN /*action='show',application='IntroQuiz',controller='game_records'*/[0m
  ↳ app/controllers/game_records_controller.rb:14:in 'GameRecordsController#show'
  [1m[36mGameRecord Create (4.5ms)[0m  [1m[32mINSERT INTO "game_records" ("player_name", "score", "played_at", "created_at", "updated_at") VALUES ('テスト', 0, '2025-12-28 13:42:56.161700', '2025-12-28 13:42:56.176173', '2025-12-28 13:42:56.176173') RETURNING "id" /*action='show',application='IntroQuiz',controller='game_records'*/[0m
  ↳ app/controllers/game_records_controller.rb:14:in 'GameRecordsController#show'
  [1m[36mTRANSACTION (0.6ms)[0m  [1m[35mCOMMIT /*action='show',application='IntroQuiz',controller='game_records'*/[0m
  ↳ app/controllers/game_records_controller.rb:14:in 'GameRecordsController#show'
  Rendering layout layouts/application.html.erb
  Rendering game_records/show.html.erb within layouts/application
  Rendered game_records/show.html.erb within layouts/application (Duration: 1.1ms | GC: 0.0ms)
  Rendered layout layouts/application.html.erb (Duration: 2.2ms | GC: 0.0ms)
Completed 200 OK in 241ms (Views: 4.1ms | ActiveRecord: 9.5ms (1 query, 0 cached) | GC: 1.7ms)


Started GET "/rankings" for ::1 at 2025-12-28 22:43:16 +0900
Processing by GameRecordsController#index as HTML
  Rendering layout layouts/application.html.erb
  Rendering game_records/index.html.erb within layouts/application
  [1m[36mGameRecord Load (1.3ms)[0m  [1m[34mSELECT "game_records".* FROM "game_records" ORDER BY "game_records"."score" DESC, "game_records"."played_at" DESC LIMIT 20 /*action='index',application='IntroQuiz',controller='game_records'*/[0m
  ↳ app/views/game_records/index.html.erb:16:in 'Enumerable#each_with_index'
  Rendered game_records/index.html.erb within layouts/application (Duration: 7.1ms | GC: 1.9ms)
  Rendered layout layouts/application.html.erb (Duration: 8.4ms | GC: 1.9ms)
Completed 200 OK in 176ms (Views: 7.6ms | ActiveRecord: 1.3ms (1 query, 0 cached) | GC: 1.9ms)


Started GET "/rankings" for ::1 at 2025-12-28 22:43:18 +0900
Processing by GameRecordsController#index as HTML
Started GET "/" for ::1 at 2025-12-28 22:43:18 +0900
  Rendering layout layouts/application.html.erb
  Rendering game_records/index.html.erb within layouts/application
  [1m[36mGameRecord Load (0.9ms)[0m  [1m[34mSELECT "game_records".* FROM "game_records" ORDER BY "game_records"."score" DESC, "game_records"."played_at" DESC LIMIT 20 /*action='index',application='IntroQuiz',controller='game_records'*/[0m
  ↳ app/views/game_records/index.html.erb:16:in 'Enumerable#each_with_index'
  Rendered game_records/index.html.erb within layouts/application (Duration: 3.8ms | GC: 0.0ms)
  Rendered layout layouts/application.html.erb (Duration: 5.5ms | GC: 0.0ms)
Completed 200 OK in 477ms (Views: 5.3ms | ActiveRecord: 0.9ms (1 query, 0 cached) | GC: 0.0ms)


Processing by HomeController#index as HTML
  Rendering layout layouts/application.html.erb
  Rendering home/index.html.erb within layouts/application
  Rendered home/index.html.erb within layouts/application (Duration: 1.4ms | GC: 0.0ms)
  Rendered layout layouts/application.html.erb (Duration: 2.7ms | GC: 0.0ms)
Completed 200 OK in 169ms (Views: 3.2ms | ActiveRecord: 0.0ms (0 queries, 0 cached) | GC: 0.0ms)


  [1m[36mActiveRecord::SchemaMigration Load (1.1ms)[0m  [1m[34mSELECT "schema_migrations"."version" FROM "schema_migrations" ORDER BY "schema_migrations"."version" ASC /*application='IntroQuiz'*/[0m
